<?xml version="1.0" encoding="UTF-8"?>
<!-- Generated by org.testng.reporters.JUnitReportReporter -->
<testsuite skipped="0" hostname="W0204370" name="Gittest1.Gitetest.AppTest" tests="1" failures="0" timestamp="18 Feb 2019 20:55:38 GMT" time="27.916" errors="0">
  <testcase name="PLMHomePage" time="27.916" classname="Gittest1.Gitetest.AppTest"/>
</testsuite> <!-- Gittest1.Gitetest.AppTest -->
